[18:54:34] [main/INFO] (FabricLoader/GameProvider) Loading Minecraft 1.21.5 with Fabric Loader 0.16.14
[18:54:34] [main/INFO] (FabricLoader) Loading 44 mods:
	- fabric-api 0.125.3+1.21.5
	- fabric-api-base 0.4.62+73a52b4b49
	- fabric-api-lookup-api-v1 1.6.96+86c3a9f149
	- fabric-biome-api-v1 16.0.7+2dd063df49
	- fabric-block-api-v1 1.1.0+ed91556f49
	- fabric-block-view-api-v2 1.0.26+aa6d566c49
	- fabric-command-api-v1 1.2.70+f71b366f49
	- fabric-command-api-v2 2.2.49+73a52b4b49
	- fabric-commands-v0 0.2.87+df3654b349
	- fabric-content-registries-v0 10.0.14+3e6c1f7d49
	- fabric-convention-tags-v1 2.1.32+7f945d5b49
	- fabric-convention-tags-v2 2.15.1+0570995b49
	- fabric-crash-report-info-v1 0.3.12+86c3a9f149
	- fabric-data-attachment-api-v1 1.8.3+bc514c4549
	- fabric-data-generation-api-v1 22.4.2+ea72995749
	- fabric-dimensions-v1 4.0.17+3e6c1f7d49
	- fabric-entity-events-v1 2.1.0+3ce7866349
	- fabric-events-interaction-v0 4.0.15+64e3057949
	- fabric-game-rule-api-v1 1.0.70+c327076a49
	- fabric-gametest-api-v1 3.1.3+2a6ec84b49
	- fabric-item-api-v1 11.4.1+e46fd76a49
	- fabric-item-group-api-v1 4.2.9+3459fc6149
	- fabric-lifecycle-events-v1 2.6.0+230071a049
	- fabric-loot-api-v2 3.0.48+3f89f5a549
	- fabric-loot-api-v3 1.0.36+86c3a9f149
	- fabric-message-api-v1 6.1.0+fe971bba49
	- fabric-networking-api-v1 4.5.0+775be32c49
	- fabric-object-builder-api-v1 21.1.1+b8d6ba7049
	- fabric-particles-v1 4.1.2+112e550e49
	- fabric-recipe-api-v1 8.1.8+3235ab3249
	- fabric-registry-sync-v0 6.1.21+b556383249
	- fabric-rendering-data-attachment-v1 0.3.64+73761d2e49
	- fabric-rendering-fluids-v1 3.1.27+86c3a9f149
	- fabric-resource-conditions-api-v1 5.0.21+73a52b4b49
	- fabric-resource-loader-v0 3.1.7+847e5f5c49
	- fabric-screen-handler-api-v1 1.3.128+c327076a49
	- fabric-tag-api-v1 1.0.17+ecf51cdc49
	- fabric-transfer-api-v1 5.4.24+7b20cbb049
	- fabric-transitive-access-wideners-v1 6.3.17+f17a180c49
	- fabricloader 0.16.14
	- java 21
	- minecraft 1.21.5
	- mixinextras 0.4.1
	- smpteleport 1.0-SNAPSHOT
[18:54:34] [main/INFO] (FabricLoader/Mixin) SpongePowered MIXIN Subsystem Version=0.8.7 Source=file:/home/sandrp/.gradle/caches/modules-2/files-2.1/net.fabricmc/sponge-mixin/0.15.5+mixin.0.8.7/22f9eb729e216a091673a574a5906dc1b9027fb3/sponge-mixin-0.15.5+mixin.0.8.7.jar Service=Knot/Fabric Env=SERVER
[18:54:34] [main/INFO] (FabricLoader/Mixin) Loaded Fabric development mappings for mixin remapper!
[18:54:34] [main/INFO] (FabricLoader/Mixin) Compatibility level set to JAVA_21
[18:54:34] [main/INFO] (FabricLoader/MixinExtras|Service) Initializing MixinExtras via com.llamalad7.mixinextras.service.MixinExtrasServiceImpl(version=0.4.1).
[18:54:37] [main/INFO] (Minecraft) [STDOUT]: Connection with MySQL successful!
[18:54:38] [main/INFO] (Minecraft) Environment: Environment[sessionHost=https://sessionserver.mojang.com, servicesHost=https://api.minecraftservices.com, name=PROD]
[18:54:38] [main/INFO] (Minecraft) Loaded 1373 recipes
[18:54:38] [main/INFO] (Minecraft) Loaded 1484 advancements
[18:54:38] [main/INFO] (BiomeModificationImpl) Applied 0 biome modifications to 0 of 65 new biomes in 619.3 μs
[18:54:38] [Server thread/INFO] (Minecraft) Starting minecraft server version 1.21.5
[18:54:38] [Server thread/INFO] (Minecraft) Loading properties
[18:54:38] [Server thread/INFO] (Minecraft) Default game type: SURVIVAL
[18:54:38] [Server thread/INFO] (Minecraft) Generating keypair
[18:54:38] [Server thread/INFO] (Minecraft) Starting Minecraft server on *:25565
[18:54:38] [Server thread/INFO] (Minecraft) Using epoll channel type
[18:54:38] [Server thread/INFO] (Minecraft) Preparing level "world"
[18:54:39] [Server thread/INFO] (Minecraft) Preparing start region for dimension minecraft:overworld
[18:54:39] [Worker-Main-4/INFO] (Minecraft) Preparing spawn area: 0%
[18:54:39] [Server thread/INFO] (Minecraft) Time elapsed: 401 ms
[18:54:39] [Server thread/INFO] (Minecraft) Done (0.583s)! For help, type "help"
[18:54:39] [User Authenticator #1/INFO] (Minecraft) UUID of player Gemmer is 0277cf36-5a0d-4dca-afab-a491f4107c89
[18:54:40] [Server thread/INFO] (Minecraft) Gemmer[/127.0.0.1:40490] logged in with entity id 58 at (95.04619009245395, 76.0, -220.90739822358879)
[18:54:40] [Server thread/INFO] (Minecraft) Gemmer joined the game
